<?xml version="1.0" encoding="UTF-8"?>
<testsuite name="demo.AppTest" tests="1" skipped="0" failures="0" errors="0" timestamp="2023-08-01T14:55:35" hostname="AMAY34X7R6YJW" time="0.017">
  <properties/>
  <testcase name="appHasAGreeting()" classname="demo.AppTest" time="0.017"/>
  <system-out><![CDATA[]]></system-out>
  <system-err><![CDATA[]]></system-err>
</testsuite>
